<?xml version="1.0" encoding="utf-8"?><testsuites name="pytest tests"><testsuite name="pytest" errors="0" failures="0" skipped="0" tests="23" time="6.697" timestamp="2026-04-03T03:25:42.800783+00:00" hostname="agent-env-6d84958a-e12d-4afb-a645-47b6bcf4fe14"><testcase classname="backend.tests.test_referral_system.TestReferralGenerate" name="test_generate_referral_with_valid_email" time="0.176" /><testcase classname="backend.tests.test_referral_system.TestReferralGenerate" name="test_generate_referral_ref_code_starts_with_REF" time="0.127" /><testcase classname="backend.tests.test_referral_system.TestReferralGenerate" name="test_generate_referral_share_url_contains_ref" time="0.117" /><testcase classname="backend.tests.test_referral_system.TestReferralGenerate" name="test_generate_referral_missing_email_returns_400" time="0.127" /><testcase classname="backend.tests.test_referral_system.TestReferralGenerate" name="test_generate_referral_invalid_email_returns_400" time="0.123" /><testcase classname="backend.tests.test_referral_system.TestReferralGenerate" name="test_generate_referral_deterministic_same_email" time="0.236" /><testcase classname="backend.tests.test_referral_system.TestReferralValidate" name="test_validate_valid_ref_code" time="0.248" /><testcase classname="backend.tests.test_referral_system.TestReferralValidate" name="test_validate_invalid_ref_code_returns_valid_false" time="0.116" /><testcase classname="backend.tests.test_referral_system.TestReferralValidate" name="test_validate_ref_code_discount_pct_is_15" time="0.234" /><testcase classname="backend.tests.test_referral_system.TestSubscribeWithReferral" name="test_subscribe_with_referral_code_returns_FRIEND15" time="0.550" /><testcase classname="backend.tests.test_referral_system.TestSubscribeWithReferral" name="test_subscribe_without_referral_returns_IFG20" time="0.374" /><testcase classname="backend.tests.test_referral_system.TestDiscountValidateFRIEND15" name="test_FRIEND15_is_valid" time="0.126" /><testcase classname="backend.tests.test_referral_system.TestDiscountValidateFRIEND15" name="test_IFG20_is_valid" time="0.130" /><testcase classname="backend.tests.test_referral_system.TestDiscountValidateFRIEND15" name="test_CHALLENGE25_is_valid" time="0.129" /><testcase classname="backend.tests.test_referral_system.TestPayConfirm" name="test_confirm_purchase_valid_payload" time="0.414" /><testcase classname="backend.tests.test_referral_system.TestPayConfirm" name="test_confirm_purchase_missing_email_returns_400" time="0.132" /><testcase classname="backend.tests.test_referral_system.TestPayConfirm" name="test_confirm_purchase_invalid_email_returns_400" time="0.137" /><testcase classname="backend.tests.test_referral_system.TestGymEnergySlug" name="test_gym_energy_slug_returns_200" time="0.267" /><testcase classname="backend.tests.test_referral_system.TestGymEnergySlug" name="test_gym_energy_product_title" time="0.258" /><testcase classname="backend.tests.test_referral_system.TestGymEnergySlug" name="test_products_list_count" time="0.277" /><testcase classname="backend.tests.test_referral_system.TestCheckoutWithFriend15" name="test_checkout_with_FRIEND15_applies_15_percent" time="0.371" /><testcase classname="backend.tests.test_referral_system.TestCheckoutWithFriend15" name="test_checkout_with_IFG20_applies_20_percent_regression" time="0.369" /><testcase classname="backend.tests.test_referral_system.TestLeaderboardWithEmail" name="test_submit_score_with_email_and_verify" time="1.568" /></testsuite></testsuites>