<?xml version="1.0" encoding="utf-8"?><testsuites name="pytest tests"><testsuite name="pytest" errors="0" failures="0" skipped="0" tests="32" time="10.158" timestamp="2026-04-03T02:56:00.495383+00:00" hostname="agent-env-6d84958a-e12d-4afb-a645-47b6bcf4fe14"><testcase classname="backend.tests.test_supabase_migration.TestProducts" name="test_get_all_products_returns_list" time="0.386" /><testcase classname="backend.tests.test_supabase_migration.TestProducts" name="test_get_all_products_count" time="0.249" /><testcase classname="backend.tests.test_supabase_migration.TestProducts" name="test_get_products_by_category_ebook" time="0.251" /><testcase classname="backend.tests.test_supabase_migration.TestProducts" name="test_get_products_by_category_recipe_pack" time="0.215" /><testcase classname="backend.tests.test_supabase_migration.TestProducts" name="test_get_product_by_slug_caribbean_guide" time="0.247" /><testcase classname="backend.tests.test_supabase_migration.TestProducts" name="test_get_product_by_slug_not_found" time="0.236" /><testcase classname="backend.tests.test_supabase_migration.TestProducts" name="test_product_has_required_fields" time="0.256" /><testcase classname="backend.tests.test_supabase_migration.TestGameLeaderboard" name="test_get_leaderboard_returns_list" time="0.237" /><testcase classname="backend.tests.test_supabase_migration.TestGameLeaderboard" name="test_submit_score_with_email" time="0.226" /><testcase classname="backend.tests.test_supabase_migration.TestGameLeaderboard" name="test_submit_score_without_email" time="0.217" /><testcase classname="backend.tests.test_supabase_migration.TestGameLeaderboard" name="test_leaderboard_shows_named_players" time="1.207" /><testcase classname="backend.tests.test_supabase_migration.TestEmailSubscribe" name="test_subscribe_new_email" time="0.411" /><testcase classname="backend.tests.test_supabase_migration.TestEmailSubscribe" name="test_subscribe_duplicate_email" time="0.230" /><testcase classname="backend.tests.test_supabase_migration.TestEmailSubscribe" name="test_check_subscriber_existing" time="0.238" /><testcase classname="backend.tests.test_supabase_migration.TestEmailSubscribe" name="test_check_subscriber_not_existing" time="0.229" /><testcase classname="backend.tests.test_supabase_migration.TestEmailSubscribe" name="test_subscribe_invalid_email" time="0.105" /><testcase classname="backend.tests.test_supabase_migration.TestDiscountCodes" name="test_validate_ifg20" time="0.099" /><testcase classname="backend.tests.test_supabase_migration.TestDiscountCodes" name="test_validate_challenge25" time="0.127" /><testcase classname="backend.tests.test_supabase_migration.TestDiscountCodes" name="test_validate_fruit10" time="0.139" /><testcase classname="backend.tests.test_supabase_migration.TestDiscountCodes" name="test_validate_invalid_code" time="0.097" /><testcase classname="backend.tests.test_supabase_migration.TestCheckout" name="test_create_order_with_discount" time="0.376" /><testcase classname="backend.tests.test_supabase_migration.TestCheckout" name="test_create_order_without_discount" time="0.330" /><testcase classname="backend.tests.test_supabase_migration.TestCheckout" name="test_create_order_missing_email" time="0.109" /><testcase classname="backend.tests.test_supabase_migration.TestCheckout" name="test_create_order_invalid_product" time="0.211" /><testcase classname="backend.tests.test_supabase_migration.TestDailyChallenge" name="test_get_daily_challenge" time="0.105" /><testcase classname="backend.tests.test_supabase_migration.TestDailyChallenge" name="test_complete_challenge_success" time="0.323" /><testcase classname="backend.tests.test_supabase_migration.TestDailyChallenge" name="test_complete_challenge_failure" time="0.218" /><testcase classname="backend.tests.test_supabase_migration.TestAdmin" name="test_admin_login_success" time="0.380" /><testcase classname="backend.tests.test_supabase_migration.TestAdmin" name="test_admin_login_wrong_password" time="0.321" /><testcase classname="backend.tests.test_supabase_migration.TestAdmin" name="test_admin_sync_products" time="1.950" /><testcase classname="backend.tests.test_supabase_migration.TestHealth" name="test_api_root_accessible" time="0.092" /><testcase classname="backend.tests.test_supabase_migration.TestHealth" name="test_products_endpoint_not_returning_errors" time="0.227" /></testsuite></testsuites>